<?xml version="1.0" encoding="UTF-8"?>
<testsuite name="TestScanPotential" tests="1" skipped="0" failures="0" errors="0" timestamp="2022-06-16T04:41:15" hostname="DESKTOP-1FSOC4R" time="0.043">
  <properties/>
  <testcase name="testScanPotential()" classname="TestScanPotential" time="0.043"/>
  <system-out><![CDATA[]]></system-out>
  <system-err><![CDATA[]]></system-err>
</testsuite>
